<?xml version="1.0" encoding="UTF-8"?>
<!-- Generated by org.testng.reporters.JUnitXMLReporter -->
<testsuite ignored="0" hostname="DESKTOP-MENAKIQ" failures="0" tests="3" name="SubmitOrder" time="26.186" errors="0" timestamp="2023-03-18T22:02:30 PDT">
  <testcase classname="aclabrador.Tests.SubmitOrderTest" name="submitOrder" time="4.186"/>
  <testcase classname="aclabrador.Tests.SubmitOrderTest" name="submitOrder" time="4.238"/>
  <testcase classname="aclabrador.Tests.SubmitOrderTest" name="verifyProdOrder" time="1.223"/>
</testsuite> <!-- SubmitOrder -->
