<?xml version="1.0" encoding="UTF-8"?>
<!-- Generated by org.testng.reporters.JUnitXMLReporter -->
<testsuite ignored="0" hostname="DESKTOP-MENAKIQ" failures="1" tests="2" name="ErrorValidations" time="12.313" errors="0" timestamp="2023-03-18T22:12:03 PDT">
  <testcase classname="aclabrador.Tests.ErrorValidationsTest" name="validationLogin" time="0.633">
    <skipped/>
  </testcase> <!-- validationLogin -->
  <testcase classname="aclabrador.Tests.ErrorValidationsTest" name="validationLogin" time="0.713">
    <failure type="java.lang.AssertionError" message="expected [Incorrect email or password.] but found [Incorrect email or password no.]">
      <![CDATA[java.lang.AssertionError: expected [Incorrect email or password.] but found [Incorrect email or password no.]
at aclabrador.Tests.ErrorValidationsTest.validationLogin(ErrorValidationsTest.java:20)
at java.base/java.util.ArrayList.forEach(ArrayList.java:1511)
... Removed 37 stack frames]]>
    </failure>
  </testcase> <!-- validationLogin -->
</testsuite> <!-- ErrorValidations -->
